2025/12/23 12:27:38 [notice] 1#1: using the "epoll" event method
2025/12/23 12:27:38 [notice] 1#1: nginx/1.29.4
2025/12/23 12:27:38 [notice] 1#1: built by gcc 14.2.0 (Debian 14.2.0-19) 
2025/12/23 12:27:38 [notice] 1#1: OS: Linux 6.14.0-37-generic
2025/12/23 12:27:38 [notice] 1#1: getrlimit(RLIMIT_NOFILE): 1024:524288
2025/12/23 12:27:38 [notice] 1#1: start worker processes
2025/12/23 12:27:38 [notice] 1#1: start worker process 29
2025/12/23 12:27:38 [notice] 1#1: start worker process 30
2025/12/23 12:27:38 [notice] 1#1: start worker process 31
2025/12/23 12:27:38 [notice] 1#1: start worker process 32
2025/12/23 12:40:42 [notice] 1#1: signal 3 (SIGQUIT) received, shutting down
2025/12/23 12:40:42 [notice] 29#29: gracefully shutting down
2025/12/23 12:40:42 [notice] 29#29: exiting
2025/12/23 12:40:42 [notice] 29#29: exit
2025/12/23 12:40:42 [notice] 30#30: gracefully shutting down
2025/12/23 12:40:42 [notice] 30#30: exiting
2025/12/23 12:40:42 [notice] 30#30: exit
2025/12/23 12:40:42 [notice] 31#31: gracefully shutting down
2025/12/23 12:40:42 [notice] 31#31: exiting
2025/12/23 12:40:42 [notice] 31#31: exit
2025/12/23 12:40:42 [notice] 32#32: gracefully shutting down
2025/12/23 12:40:42 [notice] 32#32: exiting
2025/12/23 12:40:42 [notice] 32#32: exit
2025/12/23 12:40:42 [notice] 1#1: signal 17 (SIGCHLD) received from 32
2025/12/23 12:40:42 [notice] 1#1: worker process 30 exited with code 0
2025/12/23 12:40:42 [notice] 1#1: worker process 32 exited with code 0
2025/12/23 12:40:42 [notice] 1#1: signal 29 (SIGIO) received
2025/12/23 12:40:42 [notice] 1#1: signal 17 (SIGCHLD) received from 31
2025/12/23 12:40:42 [notice] 1#1: worker process 31 exited with code 0
2025/12/23 12:40:42 [notice] 1#1: signal 29 (SIGIO) received
2025/12/23 12:40:42 [notice] 1#1: signal 17 (SIGCHLD) received from 29
2025/12/23 12:40:42 [notice] 1#1: worker process 29 exited with code 0
2025/12/23 12:40:42 [notice] 1#1: exit
2025/12/23 12:43:05 [notice] 1#1: using the "epoll" event method
2025/12/23 12:43:05 [notice] 1#1: nginx/1.29.4
2025/12/23 12:43:05 [notice] 1#1: built by gcc 14.2.0 (Debian 14.2.0-19) 
2025/12/23 12:43:05 [notice] 1#1: OS: Linux 6.14.0-37-generic
2025/12/23 12:43:05 [notice] 1#1: getrlimit(RLIMIT_NOFILE): 1024:524288
2025/12/23 12:43:05 [notice] 1#1: start worker processes
2025/12/23 12:43:05 [notice] 1#1: start worker process 22
2025/12/23 12:43:05 [notice] 1#1: start worker process 23
2025/12/23 12:43:05 [notice] 1#1: start worker process 24
2025/12/23 12:43:05 [notice] 1#1: start worker process 25
2025/12/23 12:47:08 [error] 22#22: *1 open() "/usr/share/nginx/html/test1" failed (2: No such file or directory), client: 172.20.0.1, server: localhost, request: "GET /test1 HTTP/1.1", host: "localhost:8080"
2025/12/23 12:47:09 [error] 23#23: *2 open() "/usr/share/nginx/html/test2" failed (2: No such file or directory), client: 172.20.0.1, server: localhost, request: "GET /test2 HTTP/1.1", host: "localhost:8080"
2025/12/23 12:47:10 [error] 24#24: *3 open() "/usr/share/nginx/html/test3" failed (2: No such file or directory), client: 172.20.0.1, server: localhost, request: "GET /test3 HTTP/1.1", host: "localhost:8080"
2025/12/23 12:47:11 [error] 25#25: *4 open() "/usr/share/nginx/html/test4" failed (2: No such file or directory), client: 172.20.0.1, server: localhost, request: "GET /test4 HTTP/1.1", host: "localhost:8080"
2025/12/23 12:47:12 [error] 22#22: *5 open() "/usr/share/nginx/html/test5" failed (2: No such file or directory), client: 172.20.0.1, server: localhost, request: "GET /test5 HTTP/1.1", host: "localhost:8080"
2025/12/23 12:47:13 [error] 22#22: *6 open() "/usr/share/nginx/html/test6" failed (2: No such file or directory), client: 172.20.0.1, server: localhost, request: "GET /test6 HTTP/1.1", host: "localhost:8080"
2025/12/23 12:47:14 [error] 22#22: *7 open() "/usr/share/nginx/html/test7" failed (2: No such file or directory), client: 172.20.0.1, server: localhost, request: "GET /test7 HTTP/1.1", host: "localhost:8080"
2025/12/23 12:47:15 [error] 22#22: *8 open() "/usr/share/nginx/html/test8" failed (2: No such file or directory), client: 172.20.0.1, server: localhost, request: "GET /test8 HTTP/1.1", host: "localhost:8080"
2025/12/23 12:47:16 [error] 22#22: *9 open() "/usr/share/nginx/html/test9" failed (2: No such file or directory), client: 172.20.0.1, server: localhost, request: "GET /test9 HTTP/1.1", host: "localhost:8080"
2025/12/23 12:47:17 [error] 22#22: *10 open() "/usr/share/nginx/html/test10" failed (2: No such file or directory), client: 172.20.0.1, server: localhost, request: "GET /test10 HTTP/1.1", host: "localhost:8080"
2025/12/23 12:49:41 [notice] 1#1: signal 3 (SIGQUIT) received, shutting down
2025/12/23 12:49:41 [notice] 22#22: gracefully shutting down
2025/12/23 12:49:41 [notice] 24#24: gracefully shutting down
2025/12/23 12:49:41 [notice] 23#23: gracefully shutting down
2025/12/23 12:49:41 [notice] 24#24: exiting
2025/12/23 12:49:41 [notice] 23#23: exiting
2025/12/23 12:49:41 [notice] 22#22: exiting
2025/12/23 12:49:41 [notice] 25#25: gracefully shutting down
2025/12/23 12:49:41 [notice] 25#25: exiting
2025/12/23 12:49:41 [notice] 24#24: exit
2025/12/23 12:49:41 [notice] 22#22: exit
2025/12/23 12:49:41 [notice] 23#23: exit
2025/12/23 12:49:41 [notice] 25#25: exit
2025/12/23 12:49:41 [notice] 1#1: signal 17 (SIGCHLD) received from 23
2025/12/23 12:49:41 [notice] 1#1: worker process 23 exited with code 0
2025/12/23 12:49:41 [notice] 1#1: worker process 25 exited with code 0
2025/12/23 12:49:41 [notice] 1#1: signal 29 (SIGIO) received
2025/12/23 12:49:41 [notice] 1#1: signal 17 (SIGCHLD) received from 24
2025/12/23 12:49:41 [notice] 1#1: worker process 24 exited with code 0
2025/12/23 12:49:41 [notice] 1#1: signal 29 (SIGIO) received
2025/12/23 12:49:41 [notice] 1#1: signal 17 (SIGCHLD) received from 22
2025/12/23 12:49:41 [notice] 1#1: worker process 22 exited with code 0
2025/12/23 12:49:41 [notice] 1#1: exit
2025/12/24 10:23:40 [notice] 1#1: using the "epoll" event method
2025/12/24 10:23:40 [notice] 1#1: nginx/1.29.4
2025/12/24 10:23:40 [notice] 1#1: built by gcc 14.2.0 (Debian 14.2.0-19) 
2025/12/24 10:23:40 [notice] 1#1: OS: Linux 6.14.0-37-generic
2025/12/24 10:23:40 [notice] 1#1: getrlimit(RLIMIT_NOFILE): 1024:524288
2025/12/24 10:23:40 [notice] 1#1: start worker processes
2025/12/24 10:23:40 [notice] 1#1: start worker process 29
2025/12/24 10:23:40 [notice] 1#1: start worker process 30
2025/12/24 10:23:40 [notice] 1#1: start worker process 31
2025/12/24 10:23:40 [notice] 1#1: start worker process 32
2025/12/24 10:24:46 [notice] 1#1: signal 3 (SIGQUIT) received, shutting down
2025/12/24 10:24:46 [notice] 29#29: gracefully shutting down
2025/12/24 10:24:46 [notice] 29#29: exiting
2025/12/24 10:24:46 [notice] 29#29: exit
2025/12/24 10:24:46 [notice] 30#30: gracefully shutting down
2025/12/24 10:24:46 [notice] 31#31: gracefully shutting down
2025/12/24 10:24:46 [notice] 31#31: exiting
2025/12/24 10:24:46 [notice] 32#32: gracefully shutting down
2025/12/24 10:24:46 [notice] 30#30: exiting
2025/12/24 10:24:46 [notice] 32#32: exiting
2025/12/24 10:24:46 [notice] 31#31: exit
2025/12/24 10:24:46 [notice] 32#32: exit
2025/12/24 10:24:46 [notice] 30#30: exit
2025/12/24 10:24:46 [notice] 1#1: signal 17 (SIGCHLD) received from 31
2025/12/24 10:24:46 [notice] 1#1: worker process 29 exited with code 0
2025/12/24 10:24:46 [notice] 1#1: worker process 31 exited with code 0
2025/12/24 10:24:46 [notice] 1#1: signal 29 (SIGIO) received
2025/12/24 10:24:46 [notice] 1#1: signal 17 (SIGCHLD) received from 29
2025/12/24 10:24:46 [notice] 1#1: signal 17 (SIGCHLD) received from 32
2025/12/24 10:24:46 [notice] 1#1: worker process 32 exited with code 0
2025/12/24 10:24:46 [notice] 1#1: signal 29 (SIGIO) received
2025/12/24 10:24:46 [notice] 1#1: signal 17 (SIGCHLD) received from 30
2025/12/24 10:24:46 [notice] 1#1: worker process 30 exited with code 0
2025/12/24 10:24:46 [notice] 1#1: exit
